app/build/outputs/logs/manifest-merger-debug-report.txt
-- Merging decision tree log ---
manifest
ADDED from src\main\AndroidManifest.xml:2:1-88:12
	package
		ADDED from src\main\AndroidManifest.xml:3:5-36
		INJECTED from src\main\AndroidManifest.xml
		INJECTED from src\main\AndroidManifest.xml
	android:versionName
		ADDED from src\main\AndroidManifest.xml:5:5-30
		INJECTED from src\main\AndroidManifest.xml
		INJECTED from src\main\AndroidManifest.xml
	android:versionCode
		ADDED from src\main\AndroidManifest.xml:4:5-28
		INJECTED from src\main\AndroidManifest.xml
		INJECTED from src\main\AndroidManifest.xml
	xmlns:android
		ADDED from src\main\AndroidManifest.xml:2:11-69
uses-sdk
ADDED from src\main\AndroidManifest.xml:7:5-9:41
MERGED from [com.android.support:design:23.2.1] AndroidManifest.xml:20:5-43
MERGED from [com.android.support:appcompat-v7:23.2.1] AndroidManifest.xml:21:5-23:78
MERGED from [com.android.support:animated-vector-drawable:23.2.1] AndroidManifest.xml:5:5-44
MERGED from [com.android.support:support-vector-drawable:23.2.1] AndroidManifest.xml:5:5-43
MERGED from [com.android.support:recyclerview-v7:23.2.1] AndroidManifest.xml:20:5-43
MERGED from [de.hdodenhof:circleimageview:1.3.0] AndroidManifest.xml:5:5-7:41
MERGED from [com.commit451:PhotoView:1.2.4] AndroidManifest.xml:8:5-10:41
MERGED from [com.android.support:support-v4:23.2.1] AndroidManifest.xml:20:5-43
	tools:overrideLibrary
		ADDED from [com.android.support:appcompat-v7:23.2.1] AndroidManifest.xml:23:9-75
	android:targetSdkVersion
		ADDED from src\main\AndroidManifest.xml:9:9-38
		INJECTED from src\main\AndroidManifest.xml
		INJECTED from src\main\AndroidManifest.xml
	android:minSdkVersion
		ADDED from src\main\AndroidManifest.xml:8:9-35
		INJECTED from src\main\AndroidManifest.xml
		INJECTED from src\main\AndroidManifest.xml
uses-permission#android.permission.READ_EXTERNAL_STORAGE
ADDED from src\main\AndroidManifest.xml:11:5-80
	android:name
		ADDED from src\main\AndroidManifest.xml:11:22-77
uses-permission#android.permission.ACCESS_COARSE_LOCATION
ADDED from src\main\AndroidManifest.xml:13:5-97
	android:name
		ADDED from src\main\AndroidManifest.xml:13:22-78
uses-permission#android.permission.ACCESS_FINE_LOCATION
ADDED from src\main\AndroidManifest.xml:15:5-95
	android:name
		ADDED from src\main\AndroidManifest.xml:15:22-76
uses-permission#android.permission.ACCESS_WIFI_STATE
ADDED from src\main\AndroidManifest.xml:17:5-92
	android:name
		ADDED from src\main\AndroidManifest.xml:17:22-73
uses-permission#android.permission.ACCESS_NETWORK_STATE
ADDED from src\main\AndroidManifest.xml:19:5-95
	android:name
		ADDED from src\main\AndroidManifest.xml:19:22-76
uses-permission#android.permission.CHANGE_WIFI_STATE
ADDED from src\main\AndroidManifest.xml:21:5-92
	android:name
		ADDED from src\main\AndroidManifest.xml:21:22-73
uses-permission#android.permission.READ_PHONE_STATE
ADDED from src\main\AndroidManifest.xml:23:5-91
	android:name
		ADDED from src\main\AndroidManifest.xml:23:22-72
uses-permission#android.permission.WRITE_EXTERNAL_STORAGE
ADDED from src\main\AndroidManifest.xml:25:5-97
	android:name
		ADDED from src\main\AndroidManifest.xml:25:22-78
uses-permission#android.permission.INTERNET
ADDED from src\main\AndroidManifest.xml:27:5-67
	android:name
		ADDED from src\main\AndroidManifest.xml:27:22-64
uses-permission#android.permission.MOUNT_UNMOUNT_FILESYSTEMS
ADDED from src\main\AndroidManifest.xml:29:5-100
	android:name
		ADDED from src\main\AndroidManifest.xml:29:22-81
application
ADDED from src\main\AndroidManifest.xml:31:5-86:19
MERGED from [com.android.support:design:23.2.1] AndroidManifest.xml:22:5-20
MERGED from [com.android.support:appcompat-v7:23.2.1] AndroidManifest.xml:25:5-20
MERGED from [com.android.support:animated-vector-drawable:23.2.1] AndroidManifest.xml:7:5-20
MERGED from [com.android.support:support-vector-drawable:23.2.1] AndroidManifest.xml:7:5-20
MERGED from [de.hdodenhof:circleimageview:1.3.0] AndroidManifest.xml:9:5-20
MERGED from [com.android.support:support-v4:23.2.1] AndroidManifest.xml:22:5-20
	android:label
		ADDED from src\main\AndroidManifest.xml:35:9-41
	android:allowBackup
		ADDED from src\main\AndroidManifest.xml:33:9-35
	android:icon
		ADDED from src\main\AndroidManifest.xml:34:9-42
	android:name
		ADDED from src\main\AndroidManifest.xml:32:9-66
meta-data#com.baidu.lbsapi.API_KEY
ADDED from src\main\AndroidManifest.xml:36:9-38:64
	android:value
		ADDED from src\main\AndroidManifest.xml:38:13-61
	android:name
		ADDED from src\main\AndroidManifest.xml:37:13-52
activity#com.zjxtwvf.smarttime.activity.SplashActivity
ADDED from src\main\AndroidManifest.xml:40:9-48:20
	android:label
		ADDED from src\main\AndroidManifest.xml:42:13-45
	android:theme
		ADDED from src\main\AndroidManifest.xml:43:13-56
	android:name
		ADDED from src\main\AndroidManifest.xml:41:13-73
intent-filter#android.intent.action.MAIN+android.intent.category.LAUNCHER
ADDED from src\main\AndroidManifest.xml:44:13-47:29
action#android.intent.action.MAIN
ADDED from src\main\AndroidManifest.xml:45:17-69
	android:name
		ADDED from src\main\AndroidManifest.xml:45:25-66
category#android.intent.category.LAUNCHER
ADDED from src\main\AndroidManifest.xml:46:17-77
	android:name
		ADDED from src\main\AndroidManifest.xml:46:27-74
activity#com.zjxtwvf.smarttime.activity.MainActivity
ADDED from src\main\AndroidManifest.xml:50:9-52:20
	android:theme
		ADDED from src\main\AndroidManifest.xml:51:13-56
	android:name
		ADDED from src\main\AndroidManifest.xml:50:19-77
activity#com.zjxtwvf.smarttime.activity.GestureEditActivity
ADDED from src\main\AndroidManifest.xml:54:9-56:62
	android:theme
		ADDED from src\main\AndroidManifest.xml:56:13-60
	android:name
		ADDED from src\main\AndroidManifest.xml:55:13-78
activity#com.zjxtwvf.smarttime.activity.GestureVerifyActivity
ADDED from src\main\AndroidManifest.xml:58:9-60:62
	android:theme
		ADDED from src\main\AndroidManifest.xml:60:13-60
	android:name
		ADDED from src\main\AndroidManifest.xml:59:13-80
activity#com.zjxtwvf.smarttime.activity.EditorActivity
ADDED from src\main\AndroidManifest.xml:62:9-65:67
	android:windowSoftInputMode
		ADDED from src\main\AndroidManifest.xml:65:13-55
	android:theme
		ADDED from src\main\AndroidManifest.xml:64:13-49
	android:name
		ADDED from src\main\AndroidManifest.xml:63:13-73
activity#com.zjxtwvf.smarttime.activity.BaiduMapActivity
ADDED from src\main\AndroidManifest.xml:66:9-68:61
	android:theme
		ADDED from src\main\AndroidManifest.xml:68:13-49
	android:name
		ADDED from src\main\AndroidManifest.xml:67:13-75
activity#com.zjxtwvf.smarttime.activity.UserActivity
ADDED from src\main\AndroidManifest.xml:69:9-71:61
	android:theme
		ADDED from src\main\AndroidManifest.xml:71:13-49
	android:name
		ADDED from src\main\AndroidManifest.xml:70:13-71
activity#com.zjxtwvf.smarttime.activity.PhotoViewActivity
ADDED from src\main\AndroidManifest.xml:72:9-74:61
	android:theme
		ADDED from src\main\AndroidManifest.xml:74:13-49
	android:name
		ADDED from src\main\AndroidManifest.xml:73:13-76
activity#com.zjxtwvf.smarttime.activity.SettingActivity
ADDED from src\main\AndroidManifest.xml:76:9-80:61
	android:screenOrientation
		ADDED from src\main\AndroidManifest.xml:79:13-49
	android:configChanges
		ADDED from src\main\AndroidManifest.xml:78:13-55
	android:theme
		ADDED from src\main\AndroidManifest.xml:80:13-49
	android:name
		ADDED from src\main\AndroidManifest.xml:77:13-74
service#com.baidu.location.f
ADDED from src\main\AndroidManifest.xml:82:9-85:49
	android:enabled
		ADDED from src\main\AndroidManifest.xml:84:13-35
	android:process
		ADDED from src\main\AndroidManifest.xml:85:13-38
	android:name
		ADDED from src\main\AndroidManifest.xml:83:13-48